[debug] [2024-09-04T16:29:13.962Z] ----------------------------------------------------------------------
[debug] [2024-09-04T16:29:13.964Z] Command:       C:\Program Files\nodejs\node.exe C:\Users\ameme\AppData\Roaming\npm\node_modules\firebase-tools\lib\bin\firebase.js deploy
[debug] [2024-09-04T16:29:13.964Z] CLI Version:   11.13.0
[debug] [2024-09-04T16:29:13.964Z] Platform:      win32
[debug] [2024-09-04T16:29:13.964Z] Node Version:  v20.11.0
[debug] [2024-09-04T16:29:13.964Z] Time:          Wed Sep 04 2024 20:29:13 GMT+0400 (Gulf Standard Time)
[debug] [2024-09-04T16:29:13.965Z] ----------------------------------------------------------------------
[debug] 
[debug] [2024-09-04T16:29:14.015Z] Object ".hosting" in "firebase.json" has unknown property: {"additionalProperty":"frameworksBackend"}
[debug] [2024-09-04T16:29:14.016Z] Field ".hosting" in "firebase.json" is possibly invalid: should be array
[debug] [2024-09-04T16:29:14.016Z] Field ".hosting" in "firebase.json" is possibly invalid: should match some schema in anyOf
[debug] [2024-09-04T16:29:14.020Z] > command requires scopes: ["email","openid","https://www.googleapis.com/auth/cloudplatformprojects.readonly","https://www.googleapis.com/auth/firebase","https://www.googleapis.com/auth/cloud-platform"]
[debug] [2024-09-04T16:29:14.020Z] > authorizing via signed-in user (amemetoff@gmail.com)
[debug] [2024-09-04T16:29:14.021Z] [iam] checking project nasa-odisey for permissions ["cloudfunctions.functions.create","cloudfunctions.functions.delete","cloudfunctions.functions.get","cloudfunctions.functions.list","cloudfunctions.functions.update","cloudfunctions.operations.get","datastore.indexes.create","datastore.indexes.delete","datastore.indexes.list","datastore.indexes.update","firebase.projects.get","firebasehosting.sites.update","firebaserules.releases.create","firebaserules.releases.update","firebaserules.rulesets.create"]
[debug] [2024-09-04T16:29:14.023Z] >>> [apiv2][query] POST https://cloudresourcemanager.googleapis.com/v1/projects/nasa-odisey:testIamPermissions [none]
[debug] [2024-09-04T16:29:14.023Z] >>> [apiv2][(partial)header] POST https://cloudresourcemanager.googleapis.com/v1/projects/nasa-odisey:testIamPermissions x-goog-quota-user=projects/nasa-odisey
[debug] [2024-09-04T16:29:14.023Z] >>> [apiv2][body] POST https://cloudresourcemanager.googleapis.com/v1/projects/nasa-odisey:testIamPermissions {"permissions":["cloudfunctions.functions.create","cloudfunctions.functions.delete","cloudfunctions.functions.get","cloudfunctions.functions.list","cloudfunctions.functions.update","cloudfunctions.operations.get","datastore.indexes.create","datastore.indexes.delete","datastore.indexes.list","datastore.indexes.update","firebase.projects.get","firebasehosting.sites.update","firebaserules.releases.create","firebaserules.releases.update","firebaserules.rulesets.create"]}
[debug] [2024-09-04T16:29:15.438Z] <<< [apiv2][status] POST https://cloudresourcemanager.googleapis.com/v1/projects/nasa-odisey:testIamPermissions 200
[debug] [2024-09-04T16:29:15.439Z] <<< [apiv2][body] POST https://cloudresourcemanager.googleapis.com/v1/projects/nasa-odisey:testIamPermissions {"permissions":["cloudfunctions.functions.create","cloudfunctions.functions.delete","cloudfunctions.functions.get","cloudfunctions.functions.list","cloudfunctions.functions.update","cloudfunctions.operations.get","datastore.indexes.create","datastore.indexes.delete","datastore.indexes.list","datastore.indexes.update","firebase.projects.get","firebasehosting.sites.update","firebaserules.releases.create","firebaserules.releases.update","firebaserules.rulesets.create"]}
[debug] [2024-09-04T16:29:15.439Z] >>> [apiv2][query] POST https://iam.googleapis.com/v1/projects/nasa-odisey/serviceAccounts/nasa-odisey@appspot.gserviceaccount.com:testIamPermissions [none]
[debug] [2024-09-04T16:29:15.439Z] >>> [apiv2][body] POST https://iam.googleapis.com/v1/projects/nasa-odisey/serviceAccounts/nasa-odisey@appspot.gserviceaccount.com:testIamPermissions {"permissions":["iam.serviceAccounts.actAs"]}
[debug] [2024-09-04T16:29:17.145Z] <<< [apiv2][status] POST https://iam.googleapis.com/v1/projects/nasa-odisey/serviceAccounts/nasa-odisey@appspot.gserviceaccount.com:testIamPermissions 200
[debug] [2024-09-04T16:29:17.145Z] <<< [apiv2][body] POST https://iam.googleapis.com/v1/projects/nasa-odisey/serviceAccounts/nasa-odisey@appspot.gserviceaccount.com:testIamPermissions {"permissions":["iam.serviceAccounts.actAs"]}
[debug] [2024-09-04T16:29:17.145Z] >>> [apiv2][query] GET https://firebase.googleapis.com/v1beta1/projects/nasa-odisey [none]
[debug] [2024-09-04T16:29:17.657Z] <<< [apiv2][status] GET https://firebase.googleapis.com/v1beta1/projects/nasa-odisey 200
[debug] [2024-09-04T16:29:17.657Z] <<< [apiv2][body] GET https://firebase.googleapis.com/v1beta1/projects/nasa-odisey {"projectId":"nasa-odisey","projectNumber":"425004917118","displayName":"nasa-odisey","name":"projects/nasa-odisey","resources":{"hostingSite":"nasa-odisey","storageBucket":"nasa-odisey.appspot.com","locationId":"europe-west"},"state":"ACTIVE","etag":"1_32fd4342-f544-4f3c-a3cd-8da403d037bf"}
[debug] [2024-09-04T16:29:43.950Z] Error: ENOENT: no such file or directory, copyfile 'C:\Users\ameme\Desktop\nasa_next\.next\server\pages\day.html' -> 'C:\Users\ameme\Desktop\nasa_next\.firebase\nasa-odisey\hosting\day.html'
[error] 
[error] Error: An unexpected error has occurred.
